[23:37:22] [ServerMain/INFO]: Environment: Environment[sessionHost=https://sessionserver.mojang.com, servicesHost=https://api.minecraftservices.com, name=PROD]
[23:37:24] [ServerMain/INFO]: Loaded 1370 recipes
[23:37:24] [ServerMain/INFO]: Loaded 1481 advancements
[23:37:24] [Server thread/INFO]: Starting minecraft server version 1.21.4
[23:37:24] [Server thread/INFO]: Loading properties
[23:37:24] [Server thread/INFO]: Default game type: SURVIVAL
[23:37:24] [Server thread/INFO]: Generating keypair
[23:37:24] [Server thread/INFO]: Starting Minecraft server on *:25565
[23:37:24] [Server thread/INFO]: Using epoll channel type
[23:37:24] [Server thread/INFO]: Preparing level "world"
[23:37:24] [Server thread/INFO]: Preparing start region for dimension minecraft:overworld
[23:37:25] [Worker-Main-2/INFO]: Preparing spawn area: 0%
[23:37:25] [Worker-Main-2/INFO]: Preparing spawn area: 0%
[23:37:25] [Worker-Main-2/INFO]: Preparing spawn area: 0%
[23:37:25] [Server thread/INFO]: Time elapsed: 1431 ms
[23:37:25] [Server thread/INFO]: Done (1.582s)! For help, type "help"
[23:37:25] [Server thread/INFO]: Starting remote control listener
[23:37:25] [Server thread/INFO]: Thread RCON Listener started
[23:37:25] [Server thread/INFO]: RCON running on 0.0.0.0:25575
[23:38:25] [Server thread/INFO]: Server empty for 60 seconds, pausing
[23:42:01] [RCON Listener #1/INFO]: Thread RCON Client /0:0:0:0:0:0:0:1 started
[23:42:01] [Server thread/INFO]: [Rcon: Stopping the server]
[23:42:01] [RCON Client /0:0:0:0:0:0:0:1 #2/INFO]: Thread RCON Client /0:0:0:0:0:0:0:1 shutting down
[23:42:01] [Server thread/INFO]: Stopping server
[23:42:01] [Server thread/INFO]: Saving players
[23:42:01] [Server thread/INFO]: Saving worlds
[23:42:01] [Server thread/INFO]: Saving chunks for level 'ServerLevel[world]'/minecraft:overworld
[23:42:01] [Server thread/INFO]: Saving chunks for level 'ServerLevel[world]'/minecraft:the_nether
[23:42:01] [Server thread/INFO]: Saving chunks for level 'ServerLevel[world]'/minecraft:the_end
[23:42:02] [Server thread/INFO]: ThreadedAnvilChunkStorage (world): All chunks are saved
[23:42:02] [Server thread/INFO]: ThreadedAnvilChunkStorage (DIM-1): All chunks are saved
[23:42:02] [Server thread/INFO]: ThreadedAnvilChunkStorage (DIM1): All chunks are saved
[23:42:02] [Server thread/INFO]: ThreadedAnvilChunkStorage: All dimensions are saved
[23:42:02] [Server thread/INFO]: Thread RCON Listener stopped
